Unity Editor version:    2022.3.13f1 (5f90a5ebde0f)
Branch:                  2022.3/staging
Build type:              Release
Batch mode:              YES
macOS version:           Version 14.5 (Build 23F79)
Darwin version:          23.5.0
Architecture:            arm64
Running under Rosetta:   NO
Available memory:        8192 MB
Using pre-set license
Pro License: YES

COMMAND LINE ARGUMENTS:
/Applications/Unity/Hub/Editor/2022.3.13f1/Unity.app/Contents/MacOS/Unity
-adb2
-batchMode
-noUpm
-name
AssetImportWorker1
-projectPath
/Users/riccardoranazzi/Desktop/Projects/Space Journey
-logFile
Logs/AssetImportWorker1.log
-srvPort
49217
Successfully changed project path to: /Users/riccardoranazzi/Desktop/Projects/Space Journey
/Users/riccardoranazzi/Desktop/Projects/Space Journey
[UnityMemory] Configuration Parameters - Can be set up in boot.config
    "memorysetup-bucket-allocator-granularity=16"
    "memorysetup-bucket-allocator-bucket-count=8"
    "memorysetup-bucket-allocator-block-size=33554432"
    "memorysetup-bucket-allocator-block-count=8"
    "memorysetup-main-allocator-block-size=16777216"
    "memorysetup-thread-allocator-block-size=16777216"
    "memorysetup-gfx-main-allocator-block-size=16777216"
    "memorysetup-gfx-thread-allocator-block-size=16777216"
    "memorysetup-cache-allocator-block-size=4194304"
    "memorysetup-typetree-allocator-block-size=2097152"
    "memorysetup-profiler-bucket-allocator-granularity=16"
    "memorysetup-profiler-bucket-allocator-bucket-count=8"
    "memorysetup-profiler-bucket-allocator-block-size=33554432"
    "memorysetup-profiler-bucket-allocator-block-count=8"
    "memorysetup-profiler-allocator-block-size=16777216"
    "memorysetup-profiler-editor-allocator-block-size=1048576"
    "memorysetup-temp-allocator-size-main=16777216"
    "memorysetup-job-temp-allocator-block-size=2097152"
    "memorysetup-job-temp-allocator-block-size-background=1048576"
    "memorysetup-job-temp-allocator-reduction-small-platforms=262144"
    "memorysetup-allocator-temp-initial-block-size-main=262144"
    "memorysetup-allocator-temp-initial-block-size-worker=262144"
    "memorysetup-temp-allocator-size-background-worker=32768"
    "memorysetup-temp-allocator-size-job-worker=262144"
    "memorysetup-temp-allocator-size-preload-manager=33554432"
    "memorysetup-temp-allocator-size-nav-mesh-worker=65536"
    "memorysetup-temp-allocator-size-audio-worker=65536"
    "memorysetup-temp-allocator-size-cloud-worker=32768"
    "memorysetup-temp-allocator-size-gi-baking-worker=262144"
    "memorysetup-temp-allocator-size-gfx=262144"
Player connection [8362068992] Host "[IP] 192.168.1.16 [Port] 0 [Flags] 2 [Guid] 53584265 [EditorId] 53584265 [Version] 1048832 [Id] OSXEditor(0,MBPdiRiccardo2.homenet.telecomitalia.it) [Debug] 1 [PackageName] OSXEditor [ProjectName] Editor" joined multi-casting on [225.0.0.222:54997]...

Player connection [8362068992] Host "[IP] 192.168.1.16 [Port] 0 [Flags] 2 [Guid] 53584265 [EditorId] 53584265 [Version] 1048832 [Id] OSXEditor(0,MBPdiRiccardo2.homenet.telecomitalia.it) [Debug] 1 [PackageName] OSXEditor [ProjectName] Editor" joined alternative multi-casting on [225.0.0.222:34997]...

[Physics::Module] Initialized MultithreadedJobDispatcher with 7 workers.
Refreshing native plugins compatible for Editor in 9.87 ms, found 2 plugins.
Preloading 0 native plugins for Editor in 0.00 ms.
Initialize engine version: 2022.3.13f1 (5f90a5ebde0f)
[Subsystems] Discovering subsystems at path /Applications/Unity/Hub/Editor/2022.3.13f1/Unity.app/Contents/Resources/UnitySubsystems
[Subsystems] Discovering subsystems at path /Users/riccardoranazzi/Desktop/Projects/Space Journey/Assets
GfxDevice: creating device client; threaded=0; jobified=0
 preferred device: Apple M3 (high power)
Metal devices available: 1
0: Apple M3 (high power)
Using device Apple M3 (high power)
Initializing Metal device caps: Apple M3
Initialize mono
Mono path[0] = '/Applications/Unity/Hub/Editor/2022.3.13f1/Unity.app/Contents/Managed'
Mono path[1] = '/Applications/Unity/Hub/Editor/2022.3.13f1/Unity.app/Contents/MonoBleedingEdge/lib/mono/unityjit-macos'
Mono config path = '/Applications/Unity/Hub/Editor/2022.3.13f1/Unity.app/Contents/MonoBleedingEdge/etc'
Using monoOptions --debugger-agent=transport=dt_socket,embedding=1,server=y,suspend=n,address=127.0.0.1:56443
Begin MonoManager ReloadAssembly
Registering precompiled unity dll's ...
Register platform support module: /Applications/Unity/Hub/Editor/2022.3.13f1/PlaybackEngines/WebGLSupport/UnityEditor.WebGL.Extensions.dll
Register platform support module: /Applications/Unity/Hub/Editor/2022.3.13f1/Unity.app/Contents/PlaybackEngines/MacStandaloneSupport/UnityEditor.OSXStandalone.Extensions.dll
Register platform support module: /Applications/Unity/Hub/Editor/2022.3.13f1/PlaybackEngines/iOSSupport/UnityEditor.iOS.Extensions.dll
Registered in 0.002921 seconds.
- Loaded All Assemblies, in  0.200 seconds
[usbmuxd] Start listen thread
[usbmuxd] Listen thread started
[usbmuxd] Send listen message
Native extension for iOS target not found
Native extension for OSXStandalone target not found
Native extension for WebGL target not found
Mono: successfully reloaded assembly
- Finished resetting the current domain, in  0.156 seconds
Domain Reload Profiling: 356ms
	BeginReloadAssembly (67ms)
		ExecutionOrderSort (0ms)
		DisableScriptedObjects (0ms)
		BackupInstance (0ms)
		ReleaseScriptingObjects (0ms)
		CreateAndSetChildDomain (0ms)
	RebuildCommonClasses (18ms)
	RebuildNativeTypeToScriptingClass (6ms)
	initialDomainReloadingComplete (26ms)
	LoadAllAssembliesAndSetupDomain (83ms)
		LoadAssemblies (68ms)
		RebuildTransferFunctionScriptingTraits (0ms)
		AnalyzeDomain (81ms)
			TypeCache.Refresh (81ms)
				TypeCache.ScanAssembly (72ms)
			ScanForSourceGeneratedMonoScriptInfo (0ms)
			ResolveRequiredComponents (0ms)
	FinalizeReload (156ms)
		ReleaseScriptCaches (0ms)
		RebuildScriptCaches (0ms)
		SetupLoadedEditorAssemblies (126ms)
			LogAssemblyErrors (0ms)
			InitializePlatformSupportModulesInManaged (45ms)
			SetLoadedEditorAssemblies (3ms)
			RefreshPlugins (0ms)
			BeforeProcessingInitializeOnLoad (1ms)
			ProcessInitializeOnLoadAttributes (57ms)
			ProcessInitializeOnLoadMethodAttributes (21ms)
			AfterProcessingInitializeOnLoad (0ms)
			EditorAssembliesLoaded (0ms)
		ExecutionOrderSort2 (0ms)
		AwakeInstancesAfterBackupRestoration (0ms)
========================================================================
Worker process is ready to serve import requests
Begin MonoManager ReloadAssembly
- Loaded All Assemblies, in  0.316 seconds
Refreshing native plugins compatible for Editor in 0.56 ms, found 2 plugins.
Native extension for iOS target not found
Native extension for OSXStandalone target not found
Native extension for WebGL target not found
Package Manager log level set to [2]
[Package Manager] Server::EnsureServerProcessIsRunning -- launch failed, reason: Unity was launched with the -noUpm command-line argument
[Package Manager] UpmClient::Send -- Unable to send message (not connected to UPM process).
[Package Manager] Cannot connect to Unity Package Manager local server
Mono: successfully reloaded assembly
- Finished resetting the current domain, in  0.258 seconds
Domain Reload Profiling: 574ms
	BeginReloadAssembly (57ms)
		ExecutionOrderSort (0ms)
		DisableScriptedObjects (2ms)
		BackupInstance (0ms)
		ReleaseScriptingObjects (0ms)
		CreateAndSetChildDomain (12ms)
	RebuildCommonClasses (17ms)
	RebuildNativeTypeToScriptingClass (6ms)
	initialDomainReloadingComplete (16ms)
	LoadAllAssembliesAndSetupDomain (219ms)
		LoadAssemblies (155ms)
		RebuildTransferFunctionScriptingTraits (0ms)
		AnalyzeDomain (91ms)
			TypeCache.Refresh (83ms)
				TypeCache.ScanAssembly (72ms)
			ScanForSourceGeneratedMonoScriptInfo (5ms)
			ResolveRequiredComponents (2ms)
	FinalizeReload (258ms)
		ReleaseScriptCaches (0ms)
		RebuildScriptCaches (0ms)
		SetupLoadedEditorAssemblies (189ms)
			LogAssemblyErrors (0ms)
			InitializePlatformSupportModulesInManaged (11ms)
			SetLoadedEditorAssemblies (2ms)
			RefreshPlugins (0ms)
			BeforeProcessingInitializeOnLoad (23ms)
			ProcessInitializeOnLoadAttributes (144ms)
			ProcessInitializeOnLoadMethodAttributes (8ms)
			AfterProcessingInitializeOnLoad (0ms)
			EditorAssembliesLoaded (0ms)
		ExecutionOrderSort2 (0ms)
		AwakeInstancesAfterBackupRestoration (2ms)
Launching external process: /Applications/Unity/Hub/Editor/2022.3.13f1/Unity.app/Contents/Tools/UnityShaderCompiler
Launched and connected shader compiler UnityShaderCompiler after 0.03 seconds
Refreshing native plugins compatible for Editor in 0.94 ms, found 2 plugins.
Preloading 0 native plugins for Editor in 0.00 ms.
Unloading 3097 Unused Serialized files (Serialized files now loaded: 0)
Unloading 32 unused Assets / (51.0 KB). Loaded Objects now: 3563.
Memory consumption went from 129.2 MB to 129.1 MB.
Total: 2.086333 ms (FindLiveObjects: 0.104166 ms CreateObjectMapping: 0.032542 ms MarkObjects: 1.894375 ms  DeleteObjects: 0.054792 ms)

AssetImportParameters requested are different than current active one (requested -> active):
  custom:container-demuxer-ogg: 62fdf1f143b41e24485cea50d1cbac27 -> 
  custom:video-decoder-ogg-theora: a1e56fd34408186e4bbccfd4996cb3dc -> 
  custom:CustomObjectIndexerAttribute: 756ad292c208cfabdd7b50bc23989ffe -> 
  custom:container-demuxer-webm: 4f35f7cbe854078d1ac9338744f61a02 -> 
  custom:container-muxer-webm: aa71ff27fc2769a1b78a27578f13a17b -> 
  custom:video-decoder-webm-vp8: 9c59270c3fd7afecdb556c50c9e8de78 -> 
  custom:SearchIndexIgnoredProperties: e643bd26f0fe6173181afceb89e7c659 -> 
  custom:AudioImporter_EditorPlatform: 3918e3fc78b5a79bad01e8451be0beb8 -> 
  custom:framework-osx-AVFoundation: e770b220cccbd017edd2c1fefb359320 -> 
  custom:video-encoder-webm-vp8: eb34c28f22e8b96e1ab97ce403110664 -> 
  custom:audio-decoder-ogg-vorbis: bf7c407c2cedff20999df2af8eb42d56 -> 
  custom:audio-encoder-webm-vorbis: bf7c407c2cedff20999df2af8eb42d56 -> 
========================================================================
Received Import Request.
  Time since last request: 1670.057687 seconds.
  path: Assets/Audio/mixkit-arcade-game-explosion-2759.wav
  artifactKey: Guid(7c249c1933c36413381bee00256b0d15) Importer(815301076,1909f56bfc062723c751e8b465ee728b)
Start importing Assets/Audio/mixkit-arcade-game-explosion-2759.wav using Guid(7c249c1933c36413381bee00256b0d15) Importer(815301076,1909f56bfc062723c751e8b465ee728b)  -> (artifact id: 'c7b73ff4ef3d4261812f70949cacb10b') in 0.365644 seconds
Number of updated asset objects reloaded before import = 0
Number of asset objects unloaded after import = 2
========================================================================
Received Import Request.
  Time since last request: 0.000049 seconds.
  path: Assets/Audio/music-for-arcade-style-game-146875.mp3
  artifactKey: Guid(55837f09df9b44d42a5d2f2a8e0a70e1) Importer(815301076,1909f56bfc062723c751e8b465ee728b)
Start importing Assets/Audio/music-for-arcade-style-game-146875.mp3 using Guid(55837f09df9b44d42a5d2f2a8e0a70e1) Importer(815301076,1909f56bfc062723c751e8b465ee728b)  -> (artifact id: 'a9285d9468558eb976d2ebfbacc1cda2') in 0.004562 seconds
Number of updated asset objects reloaded before import = 0
Number of asset objects unloaded after import = 2
========================================================================
Received Prepare
Begin MonoManager ReloadAssembly
Thread 0x304c87000 may have been prematurely finalized
- Loaded All Assemblies, in  0.238 seconds
Refreshing native plugins compatible for Editor in 0.59 ms, found 2 plugins.
Native extension for iOS target not found
Native extension for OSXStandalone target not found
Native extension for WebGL target not found
[Package Manager] Server::EnsureServerProcessIsRunning -- launch failed, reason: Unity was launched with the -noUpm command-line argument
[Package Manager] UpmClient::Send -- Unable to send message (not connected to UPM process).
[Package Manager] Cannot connect to Unity Package Manager local server
Mono: successfully reloaded assembly
- Finished resetting the current domain, in  0.590 seconds
Domain Reload Profiling: 828ms
	BeginReloadAssembly (81ms)
		ExecutionOrderSort (0ms)
		DisableScriptedObjects (3ms)
		BackupInstance (0ms)
		ReleaseScriptingObjects (0ms)
		CreateAndSetChildDomain (29ms)
	RebuildCommonClasses (18ms)
	RebuildNativeTypeToScriptingClass (7ms)
	initialDomainReloadingComplete (11ms)
	LoadAllAssembliesAndSetupDomain (121ms)
		LoadAssemblies (140ms)
		RebuildTransferFunctionScriptingTraits (0ms)
		AnalyzeDomain (9ms)
			TypeCache.Refresh (6ms)
				TypeCache.ScanAssembly (0ms)
			ScanForSourceGeneratedMonoScriptInfo (0ms)
			ResolveRequiredComponents (3ms)
	FinalizeReload (590ms)
		ReleaseScriptCaches (0ms)
		RebuildScriptCaches (0ms)
		SetupLoadedEditorAssemblies (181ms)
			LogAssemblyErrors (0ms)
			InitializePlatformSupportModulesInManaged (13ms)
			SetLoadedEditorAssemblies (2ms)
			RefreshPlugins (0ms)
			BeforeProcessingInitializeOnLoad (25ms)
			ProcessInitializeOnLoadAttributes (132ms)
			ProcessInitializeOnLoadMethodAttributes (8ms)
			AfterProcessingInitializeOnLoad (0ms)
			EditorAssembliesLoaded (0ms)
		ExecutionOrderSort2 (0ms)
		AwakeInstancesAfterBackupRestoration (2ms)
Refreshing native plugins compatible for Editor in 0.63 ms, found 2 plugins.
Preloading 0 native plugins for Editor in 0.00 ms.
Unloading 3088 Unused Serialized files (Serialized files now loaded: 0)
Unloading 23 unused Assets / (31.0 KB). Loaded Objects now: 3576.
Memory consumption went from 137.5 MB to 137.5 MB.
Total: 2.051125 ms (FindLiveObjects: 0.106666 ms CreateObjectMapping: 0.028667 ms MarkObjects: 1.880958 ms  DeleteObjects: 0.034250 ms)

Prepare: number of updated asset objects reloaded= 0
AssetImportParameters requested are different than current active one (requested -> active):
  custom:container-demuxer-ogg: 62fdf1f143b41e24485cea50d1cbac27 -> 
  custom:video-decoder-ogg-theora: a1e56fd34408186e4bbccfd4996cb3dc -> 
  custom:CustomObjectIndexerAttribute: 756ad292c208cfabdd7b50bc23989ffe -> 
  custom:container-demuxer-webm: 4f35f7cbe854078d1ac9338744f61a02 -> 
  custom:container-muxer-webm: aa71ff27fc2769a1b78a27578f13a17b -> 
  custom:video-decoder-webm-vp8: 9c59270c3fd7afecdb556c50c9e8de78 -> 
  custom:SearchIndexIgnoredProperties: e643bd26f0fe6173181afceb89e7c659 -> 
  custom:AudioImporter_EditorPlatform: 3918e3fc78b5a79bad01e8451be0beb8 -> 
  custom:framework-osx-AVFoundation: e770b220cccbd017edd2c1fefb359320 -> 
  custom:video-encoder-webm-vp8: eb34c28f22e8b96e1ab97ce403110664 -> 
  custom:audio-decoder-ogg-vorbis: bf7c407c2cedff20999df2af8eb42d56 -> 
  custom:audio-encoder-webm-vorbis: bf7c407c2cedff20999df2af8eb42d56 -> 
========================================================================
Received Import Request.
  Time since last request: 1260.952399 seconds.
  path: Assets/Prefabs/Rocket_Ship_v1_L3.123c485c9e1d-6d02-47cf-b751-9606e55c8fa1/10475_Rocket_Ship_v1_Diffuse.jpg
  artifactKey: Guid(8c89131fa5a564f39a1c99925be53b68) Importer(815301076,1909f56bfc062723c751e8b465ee728b)
Start importing Assets/Prefabs/Rocket_Ship_v1_L3.123c485c9e1d-6d02-47cf-b751-9606e55c8fa1/10475_Rocket_Ship_v1_Diffuse.jpg using Guid(8c89131fa5a564f39a1c99925be53b68) Importer(815301076,1909f56bfc062723c751e8b465ee728b)  -> (artifact id: '49ae776856ddaeaf71e14ede2a9902c4') in 0.132653 seconds
Number of updated asset objects reloaded before import = 0
Number of asset objects unloaded after import = 2
========================================================================
Received Import Request.
  Time since last request: 0.000059 seconds.
  path: Assets/Sprites/Fonts/SpaceQuestItalic-g8jY.ttf
  artifactKey: Guid(34ebe21dcccac4648baee669a02a65ee) Importer(815301076,1909f56bfc062723c751e8b465ee728b)
Start importing Assets/Sprites/Fonts/SpaceQuestItalic-g8jY.ttf using Guid(34ebe21dcccac4648baee669a02a65ee) Importer(815301076,1909f56bfc062723c751e8b465ee728b)  -> (artifact id: '379120e6ef0a4b79ac0bbcd23d30bc2d') in 0.129113 seconds
Number of updated asset objects reloaded before import = 0
Number of asset objects unloaded after import = 4
========================================================================
Received Import Request.
  Time since last request: 0.000027 seconds.
  path: Assets/Prefabs/Moon.png
  artifactKey: Guid(2fd52487aacee4841804356aae0f1003) Importer(815301076,1909f56bfc062723c751e8b465ee728b)
Start importing Assets/Prefabs/Moon.png using Guid(2fd52487aacee4841804356aae0f1003) Importer(815301076,1909f56bfc062723c751e8b465ee728b)  -> (artifact id: '9db6042b799374d120f6d954ad6c784d') in 0.006057 seconds
Number of updated asset objects reloaded before import = 0
Number of asset objects unloaded after import = 2
========================================================================
Received Import Request.
  Time since last request: 0.000051 seconds.
  path: Assets/Sprites/mars-wiki_ver_1.png
  artifactKey: Guid(dd687f7e3778d4f9b9fbe8b6aa2cdb90) Importer(815301076,1909f56bfc062723c751e8b465ee728b)
Start importing Assets/Sprites/mars-wiki_ver_1.png using Guid(dd687f7e3778d4f9b9fbe8b6aa2cdb90) Importer(815301076,1909f56bfc062723c751e8b465ee728b)  -> (artifact id: '5c57acf0beeee1d729356256a9609a95') in 0.019960 seconds
Number of updated asset objects reloaded before import = 0
Number of asset objects unloaded after import = 3
========================================================================
Received Import Request.
  Time since last request: 0.000032 seconds.
  path: Assets/Sprites/main-qimg-3c0792f12811e95c3778be2b4f5407eb-lq.jpeg
  artifactKey: Guid(7a504cf2b3ce04c969d5a11a3a05a9fa) Importer(815301076,1909f56bfc062723c751e8b465ee728b)
Start importing Assets/Sprites/main-qimg-3c0792f12811e95c3778be2b4f5407eb-lq.jpeg using Guid(7a504cf2b3ce04c969d5a11a3a05a9fa) Importer(815301076,1909f56bfc062723c751e8b465ee728b)  -> (artifact id: '5cf52a443be45583cb3690d4397174ea') in 0.007845 seconds
Number of updated asset objects reloaded before import = 0
Number of asset objects unloaded after import = 3
========================================================================
Received Import Request.
  Time since last request: 0.000031 seconds.
  path: Assets/Sprites/moon-wiki_ver_1.png
  artifactKey: Guid(4d52ab8b91f4d4d7ba32ffeee303fdd7) Importer(815301076,1909f56bfc062723c751e8b465ee728b)
Start importing Assets/Sprites/moon-wiki_ver_1.png using Guid(4d52ab8b91f4d4d7ba32ffeee303fdd7) Importer(815301076,1909f56bfc062723c751e8b465ee728b)  -> (artifact id: '2c711d9da5f5e2ac0743add56449100e') in 0.006165 seconds
Number of updated asset objects reloaded before import = 0
Number of asset objects unloaded after import = 3
========================================================================
Received Import Request.
  Time since last request: 0.000045 seconds.
  path: Assets/Rock Package/Texture/T_Rock_02_N.TGA
  artifactKey: Guid(881bd23edd0acdd469d8cb768867b181) Importer(815301076,1909f56bfc062723c751e8b465ee728b)
Start importing Assets/Rock Package/Texture/T_Rock_02_N.TGA using Guid(881bd23edd0acdd469d8cb768867b181) Importer(815301076,1909f56bfc062723c751e8b465ee728b)  -> (artifact id: 'ac5225e5562a3f4f0baa7ba9e8f8bea2') in 0.031537 seconds
Number of updated asset objects reloaded before import = 0
Number of asset objects unloaded after import = 2
========================================================================
Received Import Request.
  Time since last request: 0.000032 seconds.
  path: Assets/Rock Package/Texture/T_Rock_03_N.TGA
  artifactKey: Guid(765b9916ad5a87c4f96e84023311598c) Importer(815301076,1909f56bfc062723c751e8b465ee728b)
Start importing Assets/Rock Package/Texture/T_Rock_03_N.TGA using Guid(765b9916ad5a87c4f96e84023311598c) Importer(815301076,1909f56bfc062723c751e8b465ee728b)  -> (artifact id: 'fbb36f9c371b9b4de59764954a1bddb8') in 0.004711 seconds
Number of updated asset objects reloaded before import = 0
Number of asset objects unloaded after import = 2
========================================================================
Received Import Request.
  Time since last request: 0.000050 seconds.
  path: Assets/Free/Desert Rock/Textures/Desert Rock_4K_Albedo.tga
  artifactKey: Guid(4f7dc9bd0d3c14340a40f9455beeeee9) Importer(815301076,1909f56bfc062723c751e8b465ee728b)
Start importing Assets/Free/Desert Rock/Textures/Desert Rock_4K_Albedo.tga using Guid(4f7dc9bd0d3c14340a40f9455beeeee9) Importer(815301076,1909f56bfc062723c751e8b465ee728b)  -> (artifact id: '68dbed02081147ea9789d318648f9631') in 0.004482 seconds
Number of updated asset objects reloaded before import = 0
Number of asset objects unloaded after import = 2
========================================================================
Received Import Request.
  Time since last request: 0.000069 seconds.
  path: Assets/Sprites/Image Spce Traveler.png
  artifactKey: Guid(982967b0a53854ee1961b02a9ef1acc4) Importer(815301076,1909f56bfc062723c751e8b465ee728b)
Start importing Assets/Sprites/Image Spce Traveler.png using Guid(982967b0a53854ee1961b02a9ef1acc4) Importer(815301076,1909f56bfc062723c751e8b465ee728b)  -> (artifact id: 'cdb24c6e5840797e3143189f9969616f') in 0.005536 seconds
Number of updated asset objects reloaded before import = 0
Number of asset objects unloaded after import = 2
========================================================================
Received Import Request.
  Time since last request: 0.000049 seconds.
  path: Assets/Sprites/Sky/Nebula Blue.png
  artifactKey: Guid(c6193137f1cb946f5b33546e085c2d25) Importer(815301076,1909f56bfc062723c751e8b465ee728b)
Start importing Assets/Sprites/Sky/Nebula Blue.png using Guid(c6193137f1cb946f5b33546e085c2d25) Importer(815301076,1909f56bfc062723c751e8b465ee728b)  -> (artifact id: 'ea0c45b9de389d6ef78f54903bb16a01') in 0.021779 seconds
Number of updated asset objects reloaded before import = 0
Number of asset objects unloaded after import = 3
========================================================================
Received Import Request.
  Time since last request: 0.000035 seconds.
  path: Assets/Prefabs/uploads-files-4100902-SmallArch_Obj/uploads-files-4100902-ArchSmall_RedDust-Textures/ArchSmall_RedDust-Normal.png
  artifactKey: Guid(94ead2d90720c4369a4afebe96a305e8) Importer(815301076,1909f56bfc062723c751e8b465ee728b)
Start importing Assets/Prefabs/uploads-files-4100902-SmallArch_Obj/uploads-files-4100902-ArchSmall_RedDust-Textures/ArchSmall_RedDust-Normal.png using Guid(94ead2d90720c4369a4afebe96a305e8) Importer(815301076,1909f56bfc062723c751e8b465ee728b)  -> (artifact id: '773bef4681e3924f2913a73bad4970c2') in 0.005661 seconds
Number of updated asset objects reloaded before import = 0
Number of asset objects unloaded after import = 2
========================================================================
Received Import Request.
  Time since last request: 0.000072 seconds.
  path: Assets/Free/Desert Rock/Textures/Desert Rock_512_Albedo.tga
  artifactKey: Guid(1c57985b1706ab1479cc79b226bd6b26) Importer(815301076,1909f56bfc062723c751e8b465ee728b)
Start importing Assets/Free/Desert Rock/Textures/Desert Rock_512_Albedo.tga using Guid(1c57985b1706ab1479cc79b226bd6b26) Importer(815301076,1909f56bfc062723c751e8b465ee728b)  -> (artifact id: '49d109a558570871d5339951d836ea2c') in 0.004142 seconds
Number of updated asset objects reloaded before import = 0
Number of asset objects unloaded after import = 2
========================================================================
Received Import Request.
  Time since last request: 0.000083 seconds.
  path: Assets/Sprites/Screenshot 2024-01-01 alle 16.03.43.png
  artifactKey: Guid(33509a64111a349c482263eafe1f8827) Importer(815301076,1909f56bfc062723c751e8b465ee728b)
Start importing Assets/Sprites/Screenshot 2024-01-01 alle 16.03.43.png using Guid(33509a64111a349c482263eafe1f8827) Importer(815301076,1909f56bfc062723c751e8b465ee728b)  -> (artifact id: '09d88a9db62717d07929c9046585380b') in 0.014712 seconds
Number of updated asset objects reloaded before import = 0
Number of asset objects unloaded after import = 2
========================================================================
Received Import Request.
  Time since last request: 0.000140 seconds.
  path: Assets/Sprites/images.png
  artifactKey: Guid(eadafab5e5f064584951fdd670176537) Importer(815301076,1909f56bfc062723c751e8b465ee728b)
Start importing Assets/Sprites/images.png using Guid(eadafab5e5f064584951fdd670176537) Importer(815301076,1909f56bfc062723c751e8b465ee728b)  -> (artifact id: 'eca08128bfc46652f3ae472d697e2b28') in 0.005996 seconds
Number of updated asset objects reloaded before import = 0
Number of asset objects unloaded after import = 3
========================================================================
Received Import Request.
  Time since last request: 0.000105 seconds.
  path: Assets/Free/Desert Rock/Textures/Desert Rock_512_Normal.tga
  artifactKey: Guid(3e6389f7d0efad6499b532f60e04a9cd) Importer(815301076,1909f56bfc062723c751e8b465ee728b)
Start importing Assets/Free/Desert Rock/Textures/Desert Rock_512_Normal.tga using Guid(3e6389f7d0efad6499b532f60e04a9cd) Importer(815301076,1909f56bfc062723c751e8b465ee728b)  -> (artifact id: '93689fb33f1f028d8ea40b72b3adaae5') in 0.005273 seconds
Number of updated asset objects reloaded before import = 0
Number of asset objects unloaded after import = 2
========================================================================
Received Import Request.
  Time since last request: 0.000042 seconds.
  path: Assets/Rock Package/Texture/T_Rock_04_D.TGA
  artifactKey: Guid(992f8426259e8f64985d1e26628e4998) Importer(815301076,1909f56bfc062723c751e8b465ee728b)
Start importing Assets/Rock Package/Texture/T_Rock_04_D.TGA using Guid(992f8426259e8f64985d1e26628e4998) Importer(815301076,1909f56bfc062723c751e8b465ee728b)  -> (artifact id: '1cd6243f7b9c75856ec0e882473e7f80') in 0.010054 seconds
Number of updated asset objects reloaded before import = 0
Number of asset objects unloaded after import = 2
========================================================================
Received Import Request.
  Time since last request: 0.000055 seconds.
  path: Assets/Rock Package/Texture/T_Rock_01_D.TGA
  artifactKey: Guid(54cc804889107354fb141615938f2225) Importer(815301076,1909f56bfc062723c751e8b465ee728b)
Start importing Assets/Rock Package/Texture/T_Rock_01_D.TGA using Guid(54cc804889107354fb141615938f2225) Importer(815301076,1909f56bfc062723c751e8b465ee728b)  -> (artifact id: 'd44a710d3c938871947b5eb6306ed9af') in 0.004889 seconds
Number of updated asset objects reloaded before import = 0
Number of asset objects unloaded after import = 2
========================================================================
Received Import Request.
  Time since last request: 0.000054 seconds.
  path: Assets/Sprites/Sky/Stars Small_1.png
  artifactKey: Guid(7c549147224c145428e7054478df1c57) Importer(815301076,1909f56bfc062723c751e8b465ee728b)
Start importing Assets/Sprites/Sky/Stars Small_1.png using Guid(7c549147224c145428e7054478df1c57) Importer(815301076,1909f56bfc062723c751e8b465ee728b)  -> (artifact id: '146d5b711bed7d533955a4a029292805') in 0.021185 seconds
Number of updated asset objects reloaded before import = 0
Number of asset objects unloaded after import = 3
========================================================================
Received Import Request.
  Time since last request: 0.000043 seconds.
  path: Assets/Sprites/Sky/Nebula Aqua-Pink.png
  artifactKey: Guid(be74e2198bd7a441188ec4349616b4ff) Importer(815301076,1909f56bfc062723c751e8b465ee728b)
Start importing Assets/Sprites/Sky/Nebula Aqua-Pink.png using Guid(be74e2198bd7a441188ec4349616b4ff) Importer(815301076,1909f56bfc062723c751e8b465ee728b)  -> (artifact id: '6f492823b6729e08205f0245f800583a') in 0.009639 seconds
Number of updated asset objects reloaded before import = 0
Number of asset objects unloaded after import = 3
========================================================================
Received Import Request.
  Time since last request: 0.000051 seconds.
  path: Assets/Free/Desert Rock/Textures/Desert Rock_4K_Displacement.tga
  artifactKey: Guid(2baa4c2bbaf67094f986362b01e7e57b) Importer(815301076,1909f56bfc062723c751e8b465ee728b)
Start importing Assets/Free/Desert Rock/Textures/Desert Rock_4K_Displacement.tga using Guid(2baa4c2bbaf67094f986362b01e7e57b) Importer(815301076,1909f56bfc062723c751e8b465ee728b)  -> (artifact id: '4ff340cf5001c19507ea2e76adc6633a') in 0.006363 seconds
Number of updated asset objects reloaded before import = 0
Number of asset objects unloaded after import = 2
========================================================================
Received Import Request.
  Time since last request: 0.000068 seconds.
  path: Assets/Sprites/cute-astronaut-riding-rocket-waving-hand-cartoon-icon-illustration-science-technology-icon-concept_138676-2130.jpg copia.tiff
  artifactKey: Guid(3f46bd2c6e05c417b9ab570d541197c9) Importer(815301076,1909f56bfc062723c751e8b465ee728b)
Start importing Assets/Sprites/cute-astronaut-riding-rocket-waving-hand-cartoon-icon-illustration-science-technology-icon-concept_138676-2130.jpg copia.tiff using Guid(3f46bd2c6e05c417b9ab570d541197c9) Importer(815301076,1909f56bfc062723c751e8b465ee728b)  -> (artifact id: 'f07ee944e651dd54cd28fa7451bcd4db') in 0.005368 seconds
Number of updated asset objects reloaded before import = 0
Number of asset objects unloaded after import = 3
========================================================================
Received Import Request.
  Time since last request: 0.000044 seconds.
  path: Assets/Sprites/images 1.png
  artifactKey: Guid(0ed177cda3e634197ba97a2483c71a39) Importer(815301076,1909f56bfc062723c751e8b465ee728b)
Start importing Assets/Sprites/images 1.png using Guid(0ed177cda3e634197ba97a2483c71a39) Importer(815301076,1909f56bfc062723c751e8b465ee728b)  -> (artifact id: 'd587486dafac5e629fe420ee2bad7700') in 0.004901 seconds
Number of updated asset objects reloaded before import = 0
Number of asset objects unloaded after import = 3
========================================================================
Received Import Request.
  Time since last request: 0.000027 seconds.
  path: Assets/Free/Desert Rock/Textures/Desert Rock_4K_Normal.tga
  artifactKey: Guid(07dc7b673a3039a4193e918bcdbd5a9f) Importer(815301076,1909f56bfc062723c751e8b465ee728b)
Start importing Assets/Free/Desert Rock/Textures/Desert Rock_4K_Normal.tga using Guid(07dc7b673a3039a4193e918bcdbd5a9f) Importer(815301076,1909f56bfc062723c751e8b465ee728b)  -> (artifact id: '025a94be7ab2b373f773f145e3c92adf') in 0.004928 seconds
Number of updated asset objects reloaded before import = 0
Number of asset objects unloaded after import = 2
========================================================================
Received Prepare
Refreshing native plugins compatible for Editor in 1.27 ms, found 2 plugins.
Preloading 0 native plugins for Editor in 0.00 ms.
Unloading 0 Unused Serialized files (Serialized files now loaded: 0)
Unloading 1 unused Assets / (0.8 KB). Loaded Objects now: 3624.
Memory consumption went from 90.4 MB to 90.4 MB.
Total: 32.254125 ms (FindLiveObjects: 0.170209 ms CreateObjectMapping: 0.030583 ms MarkObjects: 32.024833 ms  DeleteObjects: 0.027917 ms)

Prepare: number of updated asset objects reloaded= 0
AssetImportParameters requested are different than current active one (requested -> active):
  custom:container-demuxer-ogg: 62fdf1f143b41e24485cea50d1cbac27 -> 
  custom:video-decoder-ogg-theora: a1e56fd34408186e4bbccfd4996cb3dc -> 
  custom:CustomObjectIndexerAttribute: 756ad292c208cfabdd7b50bc23989ffe -> 
  custom:container-demuxer-webm: 4f35f7cbe854078d1ac9338744f61a02 -> 
  custom:container-muxer-webm: aa71ff27fc2769a1b78a27578f13a17b -> 
  custom:video-decoder-webm-vp8: 9c59270c3fd7afecdb556c50c9e8de78 -> 
  custom:SearchIndexIgnoredProperties: e643bd26f0fe6173181afceb89e7c659 -> 
  custom:AudioImporter_EditorPlatform: 3918e3fc78b5a79bad01e8451be0beb8 -> 
  custom:framework-osx-AVFoundation: e770b220cccbd017edd2c1fefb359320 -> 
  custom:video-encoder-webm-vp8: eb34c28f22e8b96e1ab97ce403110664 -> 
  custom:audio-decoder-ogg-vorbis: bf7c407c2cedff20999df2af8eb42d56 -> 
  custom:audio-encoder-webm-vorbis: bf7c407c2cedff20999df2af8eb42d56 -> 
[usbmuxd] Attached: 1 00008030-0009699602BA802E
[usbmuxd] Detached: 1 00008030-0009699602BA802E
